[ 2014-02-17T16:49:49+08:00 ] 127.0.0.1 /
INFO: [ app_begin ] --START--
INFO: ReadHtmlCache Behavior ::run [ RunTime:0.000800s ]
INFO: [ app_begin ] --END-- [ RunTime:0.000953s ]
INFO: [ view_parse ] --START--
INFO: ParseTemplate Behavior ::run [ RunTime:0.009672s ]
INFO: [ view_parse ] --END-- [ RunTime:0.009779s ]
INFO: [ view_filter ] --START--
NOTIC: [8] Use of undefined constant APP_TMPL_PATH - assumed 'APP_TMPL_PATH' D:\www\acc\ThinkPHP\Lib\Behavior\ContentReplaceBehavior.class.php 第 40 行.
NOTIC: [8] Use of undefined constant APP_TMPL_PATH - assumed 'APP_TMPL_PATH' D:\www\acc\ThinkPHP\Lib\Behavior\ContentReplaceBehavior.class.php 第 47 行.
INFO: ContentReplace Behavior ::run [ RunTime:0.000437s ]
INFO: TokenBuild Behavior ::run [ RunTime:0.000460s ]
INFO: WriteHtmlCache Behavior ::run [ RunTime:0.000296s ]
INFO: ShowRuntime Behavior ::run [ RunTime:0.000389s ]
INFO: [ view_filter ] --END-- [ RunTime:0.001723s ]
INFO: [ view_end ] --START--
INFO: ShowPageTrace Behavior ::run [ RunTime:0.000458s ]
INFO: [ view_end ] --END-- [ RunTime:0.000500s ]

[ 2014-02-17T16:53:55+08:00 ] 127.0.0.1 /
INFO: [ app_begin ] --START--
INFO: ReadHtmlCache Behavior ::run [ RunTime:0.000841s ]
INFO: [ app_begin ] --END-- [ RunTime:0.000964s ]
INFO: [ view_parse ] --START--
INFO: ParseTemplate Behavior ::run [ RunTime:0.151733s ]
INFO: [ view_parse ] --END-- [ RunTime:0.151832s ]
INFO: [ view_filter ] --START--
INFO: ContentReplace Behavior ::run [ RunTime:0.000910s ]
INFO: TokenBuild Behavior ::run [ RunTime:0.000433s ]
INFO: WriteHtmlCache Behavior ::run [ RunTime:0.000343s ]
INFO: ShowRuntime Behavior ::run [ RunTime:0.000537s ]
INFO: [ view_filter ] --END-- [ RunTime:0.002379s ]
INFO: [ view_end ] --START--
INFO: ShowPageTrace Behavior ::run [ RunTime:0.000591s ]
INFO: [ view_end ] --END-- [ RunTime:0.000651s ]

[ 2014-02-17T16:57:41+08:00 ] 127.0.0.1 /
INFO: [ app_begin ] --START--
INFO: ReadHtmlCache Behavior ::run [ RunTime:0.001099s ]
INFO: [ app_begin ] --END-- [ RunTime:0.001229s ]
INFO: [ view_parse ] --START--
NOTIC: [8] Undefined variable: webset D:\www\acc\Index\Runtime\Cache\f9c22b8b40e560036663a0ce7ed378ae.php 第 6 行.
NOTIC: [8] Undefined variable: webset D:\www\acc\Index\Runtime\Cache\f9c22b8b40e560036663a0ce7ed378ae.php 第 7 行.
NOTIC: [8] Undefined variable: webset D:\www\acc\Index\Runtime\Cache\f9c22b8b40e560036663a0ce7ed378ae.php 第 8 行.
INFO: ParseTemplate Behavior ::run [ RunTime:0.055178s ]
INFO: [ view_parse ] --END-- [ RunTime:0.055261s ]
INFO: [ view_filter ] --START--
INFO: ContentReplace Behavior ::run [ RunTime:0.000968s ]
INFO: TokenBuild Behavior ::run [ RunTime:0.000444s ]
INFO: WriteHtmlCache Behavior ::run [ RunTime:0.000303s ]
INFO: ShowRuntime Behavior ::run [ RunTime:0.000498s ]
INFO: [ view_filter ] --END-- [ RunTime:0.002359s ]
INFO: [ view_end ] --START--
INFO: ShowPageTrace Behavior ::run [ RunTime:0.000624s ]
INFO: [ view_end ] --END-- [ RunTime:0.000697s ]

[ 2014-02-17T16:59:14+08:00 ] 127.0.0.1 /
INFO: [ app_begin ] --START--
INFO: ReadHtmlCache Behavior ::run [ RunTime:0.000631s ]
INFO: [ app_begin ] --END-- [ RunTime:0.000740s ]
INFO: [ view_parse ] --START--
NOTIC: [8] Undefined variable: webset D:\www\acc\Index\Runtime\Cache\f9c22b8b40e560036663a0ce7ed378ae.php 第 6 行.
NOTIC: [8] Undefined variable: webset D:\www\acc\Index\Runtime\Cache\f9c22b8b40e560036663a0ce7ed378ae.php 第 7 行.
NOTIC: [8] Undefined variable: webset D:\www\acc\Index\Runtime\Cache\f9c22b8b40e560036663a0ce7ed378ae.php 第 8 行.
INFO: ParseTemplate Behavior ::run [ RunTime:0.062158s ]
INFO: [ view_parse ] --END-- [ RunTime:0.062240s ]
INFO: [ view_filter ] --START--
INFO: ContentReplace Behavior ::run [ RunTime:0.001266s ]
INFO: TokenBuild Behavior ::run [ RunTime:0.000680s ]
INFO: WriteHtmlCache Behavior ::run [ RunTime:0.000438s ]
INFO: ShowRuntime Behavior ::run [ RunTime:0.000786s ]
INFO: [ view_filter ] --END-- [ RunTime:0.003434s ]
INFO: [ view_end ] --START--
INFO: ShowPageTrace Behavior ::run [ RunTime:0.000780s ]
INFO: [ view_end ] --END-- [ RunTime:0.000874s ]

[ 2014-02-17T16:59:29+08:00 ] 127.0.0.1 /
INFO: [ app_begin ] --START--
INFO: ReadHtmlCache Behavior ::run [ RunTime:0.000770s ]
INFO: [ app_begin ] --END-- [ RunTime:0.000946s ]
INFO: [ view_parse ] --START--
NOTIC: [8] Undefined variable: webset D:\www\acc\Index\Runtime\Cache\f9c22b8b40e560036663a0ce7ed378ae.php 第 6 行.
NOTIC: [8] Undefined variable: webset D:\www\acc\Index\Runtime\Cache\f9c22b8b40e560036663a0ce7ed378ae.php 第 7 行.
NOTIC: [8] Undefined variable: webset D:\www\acc\Index\Runtime\Cache\f9c22b8b40e560036663a0ce7ed378ae.php 第 8 行.
INFO: ParseTemplate Behavior ::run [ RunTime:0.052380s ]
INFO: [ view_parse ] --END-- [ RunTime:0.052458s ]
INFO: [ view_filter ] --START--
INFO: ContentReplace Behavior ::run [ RunTime:0.000881s ]
INFO: TokenBuild Behavior ::run [ RunTime:0.000559s ]
INFO: WriteHtmlCache Behavior ::run [ RunTime:0.000395s ]
INFO: ShowRuntime Behavior ::run [ RunTime:0.000704s ]
INFO: [ view_filter ] --END-- [ RunTime:0.002756s ]
INFO: [ view_end ] --START--
INFO: ShowPageTrace Behavior ::run [ RunTime:0.000584s ]
INFO: [ view_end ] --END-- [ RunTime:0.000653s ]

[ 2014-02-17T17:00:07+08:00 ] 127.0.0.1 /
INFO: [ app_begin ] --START--
INFO: ReadHtmlCache Behavior ::run [ RunTime:0.000758s ]
INFO: [ app_begin ] --END-- [ RunTime:0.000872s ]
INFO: [ view_parse ] --START--
NOTIC: [8] Undefined variable: webset D:\www\acc\Index\Runtime\Cache\f9c22b8b40e560036663a0ce7ed378ae.php 第 6 行.
NOTIC: [8] Undefined variable: webset D:\www\acc\Index\Runtime\Cache\f9c22b8b40e560036663a0ce7ed378ae.php 第 7 行.
NOTIC: [8] Undefined variable: webset D:\www\acc\Index\Runtime\Cache\f9c22b8b40e560036663a0ce7ed378ae.php 第 8 行.
INFO: ParseTemplate Behavior ::run [ RunTime:0.053338s ]
INFO: [ view_parse ] --END-- [ RunTime:0.053502s ]
INFO: [ view_filter ] --START--
INFO: ContentReplace Behavior ::run [ RunTime:0.000906s ]
INFO: TokenBuild Behavior ::run [ RunTime:0.000499s ]
INFO: WriteHtmlCache Behavior ::run [ RunTime:0.000294s ]
INFO: ShowRuntime Behavior ::run [ RunTime:0.000495s ]
INFO: [ view_filter ] --END-- [ RunTime:0.002338s ]
INFO: [ view_end ] --START--
INFO: ShowPageTrace Behavior ::run [ RunTime:0.000482s ]
INFO: [ view_end ] --END-- [ RunTime:0.000527s ]

[ 2014-02-17T17:01:42+08:00 ] 127.0.0.1 /
INFO: [ app_begin ] --START--
INFO: ReadHtmlCache Behavior ::run [ RunTime:0.000688s ]
INFO: [ app_begin ] --END-- [ RunTime:0.000838s ]
INFO: [ view_parse ] --START--
NOTIC: [8] Undefined variable: webset D:\www\acc\Index\Runtime\Cache\f9c22b8b40e560036663a0ce7ed378ae.php 第 6 行.
NOTIC: [8] Undefined variable: webset D:\www\acc\Index\Runtime\Cache\f9c22b8b40e560036663a0ce7ed378ae.php 第 7 行.
NOTIC: [8] Undefined variable: webset D:\www\acc\Index\Runtime\Cache\f9c22b8b40e560036663a0ce7ed378ae.php 第 8 行.
INFO: ParseTemplate Behavior ::run [ RunTime:0.052338s ]
INFO: [ view_parse ] --END-- [ RunTime:0.052418s ]
INFO: [ view_filter ] --START--
INFO: ContentReplace Behavior ::run [ RunTime:0.000886s ]
INFO: TokenBuild Behavior ::run [ RunTime:0.000391s ]
INFO: WriteHtmlCache Behavior ::run [ RunTime:0.000240s ]
INFO: ShowRuntime Behavior ::run [ RunTime:0.000417s ]
INFO: [ view_filter ] --END-- [ RunTime:0.002068s ]
INFO: [ view_end ] --START--
INFO: ShowPageTrace Behavior ::run [ RunTime:0.000458s ]
INFO: [ view_end ] --END-- [ RunTime:0.000505s ]

[ 2014-02-17T17:02:14+08:00 ] 127.0.0.1 /
INFO: [ app_begin ] --START--
INFO: ReadHtmlCache Behavior ::run [ RunTime:0.000711s ]
INFO: [ app_begin ] --END-- [ RunTime:0.000820s ]
INFO: [ view_parse ] --START--
NOTIC: [8] Undefined variable: webset D:\www\acc\Index\Runtime\Cache\f9c22b8b40e560036663a0ce7ed378ae.php 第 6 行.
NOTIC: [8] Undefined variable: webset D:\www\acc\Index\Runtime\Cache\f9c22b8b40e560036663a0ce7ed378ae.php 第 7 行.
NOTIC: [8] Undefined variable: webset D:\www\acc\Index\Runtime\Cache\f9c22b8b40e560036663a0ce7ed378ae.php 第 8 行.
INFO: ParseTemplate Behavior ::run [ RunTime:0.053620s ]
INFO: [ view_parse ] --END-- [ RunTime:0.053689s ]
INFO: [ view_filter ] --START--
INFO: ContentReplace Behavior ::run [ RunTime:0.001192s ]
INFO: TokenBuild Behavior ::run [ RunTime:0.000557s ]
INFO: WriteHtmlCache Behavior ::run [ RunTime:0.000309s ]
INFO: ShowRuntime Behavior ::run [ RunTime:0.000482s ]
INFO: [ view_filter ] --END-- [ RunTime:0.002696s ]
INFO: [ view_end ] --START--
INFO: ShowPageTrace Behavior ::run [ RunTime:0.000552s ]
INFO: [ view_end ] --END-- [ RunTime:0.000610s ]

[ 2014-02-17T17:02:44+08:00 ] 127.0.0.1 /
INFO: [ app_begin ] --START--
INFO: ReadHtmlCache Behavior ::run [ RunTime:0.000738s ]
INFO: [ app_begin ] --END-- [ RunTime:0.000865s ]
INFO: [ view_parse ] --START--
NOTIC: [8] Undefined variable: webset D:\www\acc\Index\Runtime\Cache\f9c22b8b40e560036663a0ce7ed378ae.php 第 6 行.
NOTIC: [8] Undefined variable: webset D:\www\acc\Index\Runtime\Cache\f9c22b8b40e560036663a0ce7ed378ae.php 第 7 行.
NOTIC: [8] Undefined variable: webset D:\www\acc\Index\Runtime\Cache\f9c22b8b40e560036663a0ce7ed378ae.php 第 8 行.
INFO: ParseTemplate Behavior ::run [ RunTime:0.062373s ]
INFO: [ view_parse ] --END-- [ RunTime:0.062462s ]
INFO: [ view_filter ] --START--
INFO: ContentReplace Behavior ::run [ RunTime:0.001262s ]
INFO: TokenBuild Behavior ::run [ RunTime:0.000646s ]
INFO: WriteHtmlCache Behavior ::run [ RunTime:0.000435s ]
INFO: ShowRuntime Behavior ::run [ RunTime:0.000702s ]
INFO: [ view_filter ] --END-- [ RunTime:0.003287s ]
INFO: [ view_end ] --START--
INFO: ShowPageTrace Behavior ::run [ RunTime:0.000972s ]
INFO: [ view_end ] --END-- [ RunTime:0.001068s ]

[ 2014-02-17T17:03:51+08:00 ] 127.0.0.1 /
INFO: [ app_begin ] --START--
INFO: ReadHtmlCache Behavior ::run [ RunTime:0.000633s ]
INFO: [ app_begin ] --END-- [ RunTime:0.000749s ]
INFO: [ view_parse ] --START--
NOTIC: [8] Undefined variable: webset D:\www\acc\Index\Runtime\Cache\f9c22b8b40e560036663a0ce7ed378ae.php 第 6 行.
NOTIC: [8] Undefined variable: webset D:\www\acc\Index\Runtime\Cache\f9c22b8b40e560036663a0ce7ed378ae.php 第 7 行.
NOTIC: [8] Undefined variable: webset D:\www\acc\Index\Runtime\Cache\f9c22b8b40e560036663a0ce7ed378ae.php 第 8 行.
INFO: ParseTemplate Behavior ::run [ RunTime:0.052602s ]
INFO: [ view_parse ] --END-- [ RunTime:0.052679s ]
INFO: [ view_filter ] --START--
INFO: ContentReplace Behavior ::run [ RunTime:0.000990s ]
INFO: TokenBuild Behavior ::run [ RunTime:0.000555s ]
INFO: WriteHtmlCache Behavior ::run [ RunTime:0.000446s ]
INFO: ShowRuntime Behavior ::run [ RunTime:0.000704s ]
INFO: [ view_filter ] --END-- [ RunTime:0.002951s ]
INFO: [ view_end ] --START--
INFO: ShowPageTrace Behavior ::run [ RunTime:0.000732s ]
INFO: [ view_end ] --END-- [ RunTime:0.000815s ]

[ 2014-02-17T17:04:17+08:00 ] 127.0.0.1 /
INFO: [ app_begin ] --START--
INFO: ReadHtmlCache Behavior ::run [ RunTime:0.000724s ]
INFO: [ app_begin ] --END-- [ RunTime:0.000827s ]
INFO: [ view_parse ] --START--
NOTIC: [8] Undefined variable: webset D:\www\acc\Index\Runtime\Cache\f9c22b8b40e560036663a0ce7ed378ae.php 第 6 行.
NOTIC: [8] Undefined variable: webset D:\www\acc\Index\Runtime\Cache\f9c22b8b40e560036663a0ce7ed378ae.php 第 7 行.
NOTIC: [8] Undefined variable: webset D:\www\acc\Index\Runtime\Cache\f9c22b8b40e560036663a0ce7ed378ae.php 第 8 行.
INFO: ParseTemplate Behavior ::run [ RunTime:0.054818s ]
INFO: [ view_parse ] --END-- [ RunTime:0.054900s ]
INFO: [ view_filter ] --START--
INFO: ContentReplace Behavior ::run [ RunTime:0.001095s ]
INFO: TokenBuild Behavior ::run [ RunTime:0.000505s ]
INFO: WriteHtmlCache Behavior ::run [ RunTime:0.000355s ]
INFO: ShowRuntime Behavior ::run [ RunTime:0.000519s ]
INFO: [ view_filter ] --END-- [ RunTime:0.002633s ]
INFO: [ view_end ] --START--
INFO: ShowPageTrace Behavior ::run [ RunTime:0.000564s ]
INFO: [ view_end ] --END-- [ RunTime:0.000622s ]

[ 2014-02-17T17:04:44+08:00 ] 127.0.0.1 /
INFO: [ app_begin ] --START--
INFO: ReadHtmlCache Behavior ::run [ RunTime:0.001097s ]
INFO: [ app_begin ] --END-- [ RunTime:0.001237s ]
INFO: [ view_parse ] --START--
NOTIC: [8] Undefined variable: webset D:\www\acc\Index\Runtime\Cache\f9c22b8b40e560036663a0ce7ed378ae.php 第 6 行.
NOTIC: [8] Undefined variable: webset D:\www\acc\Index\Runtime\Cache\f9c22b8b40e560036663a0ce7ed378ae.php 第 7 行.
NOTIC: [8] Undefined variable: webset D:\www\acc\Index\Runtime\Cache\f9c22b8b40e560036663a0ce7ed378ae.php 第 8 行.
INFO: ParseTemplate Behavior ::run [ RunTime:0.054896s ]
INFO: [ view_parse ] --END-- [ RunTime:0.054972s ]
INFO: [ view_filter ] --START--
INFO: ContentReplace Behavior ::run [ RunTime:0.000774s ]
INFO: TokenBuild Behavior ::run [ RunTime:0.000505s ]
INFO: WriteHtmlCache Behavior ::run [ RunTime:0.000345s ]
INFO: ShowRuntime Behavior ::run [ RunTime:0.000563s ]
INFO: [ view_filter ] --END-- [ RunTime:0.002390s ]
INFO: [ view_end ] --START--
INFO: ShowPageTrace Behavior ::run [ RunTime:0.000480s ]
INFO: [ view_end ] --END-- [ RunTime:0.000545s ]

[ 2014-02-17T17:05:29+08:00 ] 127.0.0.1 /
INFO: [ app_begin ] --START--
INFO: ReadHtmlCache Behavior ::run [ RunTime:0.000808s ]
INFO: [ app_begin ] --END-- [ RunTime:0.000930s ]
INFO: [ view_parse ] --START--
NOTIC: [8] Undefined variable: webset D:\www\acc\Index\Runtime\Cache\f9c22b8b40e560036663a0ce7ed378ae.php 第 6 行.
NOTIC: [8] Undefined variable: webset D:\www\acc\Index\Runtime\Cache\f9c22b8b40e560036663a0ce7ed378ae.php 第 7 行.
NOTIC: [8] Undefined variable: webset D:\www\acc\Index\Runtime\Cache\f9c22b8b40e560036663a0ce7ed378ae.php 第 8 行.
INFO: ParseTemplate Behavior ::run [ RunTime:0.058870s ]
INFO: [ view_parse ] --END-- [ RunTime:0.058948s ]
INFO: [ view_filter ] --START--
INFO: ContentReplace Behavior ::run [ RunTime:0.001004s ]
INFO: TokenBuild Behavior ::run [ RunTime:0.000561s ]
INFO: WriteHtmlCache Behavior ::run [ RunTime:0.000265s ]
INFO: ShowRuntime Behavior ::run [ RunTime:0.000435s ]
INFO: [ view_filter ] --END-- [ RunTime:0.002415s ]
INFO: [ view_end ] --START--
INFO: ShowPageTrace Behavior ::run [ RunTime:0.000466s ]
INFO: [ view_end ] --END-- [ RunTime:0.000514s ]

[ 2014-02-17T17:07:20+08:00 ] 127.0.0.1 /
INFO: [ app_begin ] --START--
INFO: ReadHtmlCache Behavior ::run [ RunTime:0.000794s ]
INFO: [ app_begin ] --END-- [ RunTime:0.000919s ]
INFO: [ view_parse ] --START--
NOTIC: [8] Undefined variable: webset D:\www\acc\Index\Runtime\Cache\f9c22b8b40e560036663a0ce7ed378ae.php 第 6 行.
NOTIC: [8] Undefined variable: webset D:\www\acc\Index\Runtime\Cache\f9c22b8b40e560036663a0ce7ed378ae.php 第 7 行.
NOTIC: [8] Undefined variable: webset D:\www\acc\Index\Runtime\Cache\f9c22b8b40e560036663a0ce7ed378ae.php 第 8 行.
INFO: ParseTemplate Behavior ::run [ RunTime:0.058485s ]
INFO: [ view_parse ] --END-- [ RunTime:0.058557s ]
INFO: [ view_filter ] --START--
INFO: ContentReplace Behavior ::run [ RunTime:0.001063s ]
INFO: TokenBuild Behavior ::run [ RunTime:0.000554s ]
INFO: WriteHtmlCache Behavior ::run [ RunTime:0.000359s ]
INFO: ShowRuntime Behavior ::run [ RunTime:0.000560s ]
INFO: [ view_filter ] --END-- [ RunTime:0.002713s ]
INFO: [ view_end ] --START--
INFO: ShowPageTrace Behavior ::run [ RunTime:0.000751s ]
INFO: [ view_end ] --END-- [ RunTime:0.000820s ]

[ 2014-02-17T17:08:02+08:00 ] 127.0.0.1 /
INFO: [ app_begin ] --START--
INFO: ReadHtmlCache Behavior ::run [ RunTime:0.000664s ]
INFO: [ app_begin ] --END-- [ RunTime:0.000782s ]
INFO: [ view_parse ] --START--
NOTIC: [8] Undefined variable: webset D:\www\acc\Index\Runtime\Cache\f9c22b8b40e560036663a0ce7ed378ae.php 第 6 行.
NOTIC: [8] Undefined variable: webset D:\www\acc\Index\Runtime\Cache\f9c22b8b40e560036663a0ce7ed378ae.php 第 7 行.
NOTIC: [8] Undefined variable: webset D:\www\acc\Index\Runtime\Cache\f9c22b8b40e560036663a0ce7ed378ae.php 第 8 行.
INFO: ParseTemplate Behavior ::run [ RunTime:0.051778s ]
INFO: [ view_parse ] --END-- [ RunTime:0.051863s ]
INFO: [ view_filter ] --START--
INFO: ContentReplace Behavior ::run [ RunTime:0.000830s ]
INFO: TokenBuild Behavior ::run [ RunTime:0.000411s ]
INFO: WriteHtmlCache Behavior ::run [ RunTime:0.000282s ]
INFO: ShowRuntime Behavior ::run [ RunTime:0.000414s ]
INFO: [ view_filter ] --END-- [ RunTime:0.002069s ]
INFO: [ view_end ] --START--
INFO: ShowPageTrace Behavior ::run [ RunTime:0.000625s ]
INFO: [ view_end ] --END-- [ RunTime:0.000685s ]

[ 2014-02-17T17:08:22+08:00 ] 127.0.0.1 /
INFO: [ app_begin ] --START--
INFO: ReadHtmlCache Behavior ::run [ RunTime:0.000655s ]
INFO: [ app_begin ] --END-- [ RunTime:0.000766s ]
INFO: [ view_parse ] --START--
NOTIC: [8] Undefined variable: webset D:\www\acc\Index\Runtime\Cache\f9c22b8b40e560036663a0ce7ed378ae.php 第 6 行.
NOTIC: [8] Undefined variable: webset D:\www\acc\Index\Runtime\Cache\f9c22b8b40e560036663a0ce7ed378ae.php 第 7 行.
NOTIC: [8] Undefined variable: webset D:\www\acc\Index\Runtime\Cache\f9c22b8b40e560036663a0ce7ed378ae.php 第 8 行.
INFO: ParseTemplate Behavior ::run [ RunTime:0.052019s ]
INFO: [ view_parse ] --END-- [ RunTime:0.052099s ]
INFO: [ view_filter ] --START--
INFO: ContentReplace Behavior ::run [ RunTime:0.000882s ]
INFO: TokenBuild Behavior ::run [ RunTime:0.000383s ]
INFO: WriteHtmlCache Behavior ::run [ RunTime:0.000259s ]
INFO: ShowRuntime Behavior ::run [ RunTime:0.000480s ]
INFO: [ view_filter ] --END-- [ RunTime:0.002165s ]
INFO: [ view_end ] --START--
INFO: ShowPageTrace Behavior ::run [ RunTime:0.000634s ]
INFO: [ view_end ] --END-- [ RunTime:0.000698s ]

[ 2014-02-17T17:08:59+08:00 ] 127.0.0.1 /
INFO: [ app_begin ] --START--
INFO: ReadHtmlCache Behavior ::run [ RunTime:0.000763s ]
INFO: [ app_begin ] --END-- [ RunTime:0.000889s ]
INFO: [ view_parse ] --START--
NOTIC: [8] Undefined variable: webset D:\www\acc\Index\Runtime\Cache\f9c22b8b40e560036663a0ce7ed378ae.php 第 6 行.
NOTIC: [8] Undefined variable: webset D:\www\acc\Index\Runtime\Cache\f9c22b8b40e560036663a0ce7ed378ae.php 第 7 行.
NOTIC: [8] Undefined variable: webset D:\www\acc\Index\Runtime\Cache\f9c22b8b40e560036663a0ce7ed378ae.php 第 8 行.
INFO: ParseTemplate Behavior ::run [ RunTime:0.045165s ]
INFO: [ view_parse ] --END-- [ RunTime:0.045257s ]
INFO: [ view_filter ] --START--
INFO: ContentReplace Behavior ::run [ RunTime:0.001049s ]
INFO: TokenBuild Behavior ::run [ RunTime:0.000522s ]
INFO: WriteHtmlCache Behavior ::run [ RunTime:0.000358s ]
INFO: ShowRuntime Behavior ::run [ RunTime:0.000578s ]
INFO: [ view_filter ] --END-- [ RunTime:0.002719s ]
INFO: [ view_end ] --START--
INFO: ShowPageTrace Behavior ::run [ RunTime:0.000758s ]
INFO: [ view_end ] --END-- [ RunTime:0.000845s ]

[ 2014-02-17T17:09:55+08:00 ] 127.0.0.1 /
INFO: [ app_begin ] --START--
INFO: ReadHtmlCache Behavior ::run [ RunTime:0.000910s ]
INFO: [ app_begin ] --END-- [ RunTime:0.001025s ]
INFO: [ view_parse ] --START--
NOTIC: [8] Undefined variable: webset D:\www\acc\Index\Runtime\Cache\f9c22b8b40e560036663a0ce7ed378ae.php 第 6 行.
NOTIC: [8] Undefined variable: webset D:\www\acc\Index\Runtime\Cache\f9c22b8b40e560036663a0ce7ed378ae.php 第 7 行.
NOTIC: [8] Undefined variable: webset D:\www\acc\Index\Runtime\Cache\f9c22b8b40e560036663a0ce7ed378ae.php 第 8 行.
INFO: ParseTemplate Behavior ::run [ RunTime:0.039197s ]
INFO: [ view_parse ] --END-- [ RunTime:0.039281s ]
INFO: [ view_filter ] --START--
INFO: ContentReplace Behavior ::run [ RunTime:0.002283s ]
INFO: TokenBuild Behavior ::run [ RunTime:0.000820s ]
INFO: WriteHtmlCache Behavior ::run [ RunTime:0.000576s ]
INFO: ShowRuntime Behavior ::run [ RunTime:0.000764s ]
INFO: [ view_filter ] --END-- [ RunTime:0.004698s ]
INFO: [ view_end ] --START--
INFO: ShowPageTrace Behavior ::run [ RunTime:0.000618s ]
INFO: [ view_end ] --END-- [ RunTime:0.000673s ]

[ 2014-02-17T17:11:03+08:00 ] 127.0.0.1 /
INFO: [ app_begin ] --START--
INFO: ReadHtmlCache Behavior ::run [ RunTime:0.000634s ]
INFO: [ app_begin ] --END-- [ RunTime:0.000747s ]
INFO: [ view_parse ] --START--
NOTIC: [8] Undefined variable: webset D:\www\acc\Index\Runtime\Cache\f9c22b8b40e560036663a0ce7ed378ae.php 第 6 行.
NOTIC: [8] Undefined variable: webset D:\www\acc\Index\Runtime\Cache\f9c22b8b40e560036663a0ce7ed378ae.php 第 7 行.
NOTIC: [8] Undefined variable: webset D:\www\acc\Index\Runtime\Cache\f9c22b8b40e560036663a0ce7ed378ae.php 第 8 行.
INFO: ParseTemplate Behavior ::run [ RunTime:0.038335s ]
INFO: [ view_parse ] --END-- [ RunTime:0.038424s ]
INFO: [ view_filter ] --START--
INFO: ContentReplace Behavior ::run [ RunTime:0.000955s ]
INFO: TokenBuild Behavior ::run [ RunTime:0.000601s ]
INFO: WriteHtmlCache Behavior ::run [ RunTime:0.000441s ]
INFO: ShowRuntime Behavior ::run [ RunTime:0.000636s ]
INFO: [ view_filter ] --END-- [ RunTime:0.002851s ]
INFO: [ view_end ] --START--
INFO: ShowPageTrace Behavior ::run [ RunTime:0.000655s ]
INFO: [ view_end ] --END-- [ RunTime:0.000711s ]

[ 2014-02-17T17:11:19+08:00 ] 127.0.0.1 /
INFO: [ app_begin ] --START--
INFO: ReadHtmlCache Behavior ::run [ RunTime:0.000952s ]
INFO: [ app_begin ] --END-- [ RunTime:0.001084s ]
INFO: [ view_parse ] --START--
NOTIC: [8] Undefined variable: webset D:\www\acc\Index\Runtime\Cache\f9c22b8b40e560036663a0ce7ed378ae.php 第 6 行.
NOTIC: [8] Undefined variable: webset D:\www\acc\Index\Runtime\Cache\f9c22b8b40e560036663a0ce7ed378ae.php 第 7 行.
NOTIC: [8] Undefined variable: webset D:\www\acc\Index\Runtime\Cache\f9c22b8b40e560036663a0ce7ed378ae.php 第 8 行.
INFO: ParseTemplate Behavior ::run [ RunTime:0.041377s ]
INFO: [ view_parse ] --END-- [ RunTime:0.041467s ]
INFO: [ view_filter ] --START--
INFO: ContentReplace Behavior ::run [ RunTime:0.000851s ]
INFO: TokenBuild Behavior ::run [ RunTime:0.000557s ]
INFO: WriteHtmlCache Behavior ::run [ RunTime:0.000353s ]
INFO: ShowRuntime Behavior ::run [ RunTime:0.000508s ]
INFO: [ view_filter ] --END-- [ RunTime:0.002464s ]
INFO: [ view_end ] --START--
INFO: ShowPageTrace Behavior ::run [ RunTime:0.000641s ]
INFO: [ view_end ] --END-- [ RunTime:0.000706s ]

[ 2014-02-17T17:12:01+08:00 ] 127.0.0.1 /
INFO: [ app_begin ] --START--
INFO: ReadHtmlCache Behavior ::run [ RunTime:0.000877s ]
INFO: [ app_begin ] --END-- [ RunTime:0.001010s ]
INFO: [ view_parse ] --START--
NOTIC: [8] Undefined variable: webset D:\www\acc\Index\Runtime\Cache\f9c22b8b40e560036663a0ce7ed378ae.php 第 6 行.
NOTIC: [8] Undefined variable: webset D:\www\acc\Index\Runtime\Cache\f9c22b8b40e560036663a0ce7ed378ae.php 第 7 行.
NOTIC: [8] Undefined variable: webset D:\www\acc\Index\Runtime\Cache\f9c22b8b40e560036663a0ce7ed378ae.php 第 8 行.
INFO: ParseTemplate Behavior ::run [ RunTime:0.041300s ]
INFO: [ view_parse ] --END-- [ RunTime:0.041380s ]
INFO: [ view_filter ] --START--
INFO: ContentReplace Behavior ::run [ RunTime:0.000614s ]
INFO: TokenBuild Behavior ::run [ RunTime:0.000376s ]
INFO: WriteHtmlCache Behavior ::run [ RunTime:0.000299s ]
INFO: ShowRuntime Behavior ::run [ RunTime:0.000679s ]
INFO: [ view_filter ] --END-- [ RunTime:0.002123s ]
INFO: [ view_end ] --START--
INFO: ShowPageTrace Behavior ::run [ RunTime:0.000500s ]
INFO: [ view_end ] --END-- [ RunTime:0.000548s ]

[ 2014-02-17T17:12:28+08:00 ] 127.0.0.1 /
INFO: [ app_begin ] --START--
INFO: ReadHtmlCache Behavior ::run [ RunTime:0.000753s ]
INFO: [ app_begin ] --END-- [ RunTime:0.000885s ]
INFO: [ view_parse ] --START--
NOTIC: [8] Undefined variable: webset D:\www\acc\Index\Runtime\Cache\f9c22b8b40e560036663a0ce7ed378ae.php 第 6 行.
NOTIC: [8] Undefined variable: webset D:\www\acc\Index\Runtime\Cache\f9c22b8b40e560036663a0ce7ed378ae.php 第 7 行.
NOTIC: [8] Undefined variable: webset D:\www\acc\Index\Runtime\Cache\f9c22b8b40e560036663a0ce7ed378ae.php 第 8 行.
INFO: ParseTemplate Behavior ::run [ RunTime:0.043290s ]
INFO: [ view_parse ] --END-- [ RunTime:0.043788s ]
INFO: [ view_filter ] --START--
INFO: ContentReplace Behavior ::run [ RunTime:0.001305s ]
INFO: TokenBuild Behavior ::run [ RunTime:0.000638s ]
INFO: WriteHtmlCache Behavior ::run [ RunTime:0.000687s ]
INFO: ShowRuntime Behavior ::run [ RunTime:0.000719s ]
INFO: [ view_filter ] --END-- [ RunTime:0.003658s ]
INFO: [ view_end ] --START--
INFO: ShowPageTrace Behavior ::run [ RunTime:0.000731s ]
INFO: [ view_end ] --END-- [ RunTime:0.000810s ]

[ 2014-02-17T17:12:58+08:00 ] 127.0.0.1 /
INFO: [ app_begin ] --START--
INFO: ReadHtmlCache Behavior ::run [ RunTime:0.000849s ]
INFO: [ app_begin ] --END-- [ RunTime:0.000988s ]
INFO: [ view_parse ] --START--
NOTIC: [8] Undefined variable: webset D:\www\acc\Index\Runtime\Cache\f9c22b8b40e560036663a0ce7ed378ae.php 第 6 行.
NOTIC: [8] Undefined variable: webset D:\www\acc\Index\Runtime\Cache\f9c22b8b40e560036663a0ce7ed378ae.php 第 7 行.
NOTIC: [8] Undefined variable: webset D:\www\acc\Index\Runtime\Cache\f9c22b8b40e560036663a0ce7ed378ae.php 第 8 行.
INFO: ParseTemplate Behavior ::run [ RunTime:0.039088s ]
INFO: [ view_parse ] --END-- [ RunTime:0.039167s ]
INFO: [ view_filter ] --START--
INFO: ContentReplace Behavior ::run [ RunTime:0.000535s ]
INFO: TokenBuild Behavior ::run [ RunTime:0.000430s ]
INFO: WriteHtmlCache Behavior ::run [ RunTime:0.000301s ]
INFO: ShowRuntime Behavior ::run [ RunTime:0.000455s ]
INFO: [ view_filter ] --END-- [ RunTime:0.001872s ]
INFO: [ view_end ] --START--
INFO: ShowPageTrace Behavior ::run [ RunTime:0.000537s ]
INFO: [ view_end ] --END-- [ RunTime:0.000594s ]

[ 2014-02-17T17:14:41+08:00 ] 127.0.0.1 /
INFO: [ app_begin ] --START--
INFO: ReadHtmlCache Behavior ::run [ RunTime:0.000871s ]
INFO: [ app_begin ] --END-- [ RunTime:0.000990s ]
INFO: [ view_parse ] --START--
NOTIC: [8] Undefined variable: webset D:\www\acc\Index\Runtime\Cache\f9c22b8b40e560036663a0ce7ed378ae.php 第 6 行.
NOTIC: [8] Undefined variable: webset D:\www\acc\Index\Runtime\Cache\f9c22b8b40e560036663a0ce7ed378ae.php 第 7 行.
NOTIC: [8] Undefined variable: webset D:\www\acc\Index\Runtime\Cache\f9c22b8b40e560036663a0ce7ed378ae.php 第 8 行.
INFO: ParseTemplate Behavior ::run [ RunTime:0.033946s ]
INFO: [ view_parse ] --END-- [ RunTime:0.034037s ]
INFO: [ view_filter ] --START--
INFO: ContentReplace Behavior ::run [ RunTime:0.000841s ]
INFO: TokenBuild Behavior ::run [ RunTime:0.000585s ]
INFO: WriteHtmlCache Behavior ::run [ RunTime:0.000310s ]
INFO: ShowRuntime Behavior ::run [ RunTime:0.000476s ]
INFO: [ view_filter ] --END-- [ RunTime:0.002363s ]
INFO: [ view_end ] --START--
INFO: ShowPageTrace Behavior ::run [ RunTime:0.000598s ]
INFO: [ view_end ] --END-- [ RunTime:0.000665s ]

[ 2014-02-17T17:14:53+08:00 ] 127.0.0.1 /
INFO: [ app_begin ] --START--
INFO: ReadHtmlCache Behavior ::run [ RunTime:0.000592s ]
INFO: [ app_begin ] --END-- [ RunTime:0.000695s ]
INFO: [ view_parse ] --START--
NOTIC: [8] Undefined variable: webset D:\www\acc\Index\Runtime\Cache\f9c22b8b40e560036663a0ce7ed378ae.php 第 6 行.
NOTIC: [8] Undefined variable: webset D:\www\acc\Index\Runtime\Cache\f9c22b8b40e560036663a0ce7ed378ae.php 第 7 行.
NOTIC: [8] Undefined variable: webset D:\www\acc\Index\Runtime\Cache\f9c22b8b40e560036663a0ce7ed378ae.php 第 8 行.
INFO: ParseTemplate Behavior ::run [ RunTime:0.035144s ]
INFO: [ view_parse ] --END-- [ RunTime:0.035241s ]
INFO: [ view_filter ] --START--
INFO: ContentReplace Behavior ::run [ RunTime:0.000783s ]
INFO: TokenBuild Behavior ::run [ RunTime:0.000482s ]
INFO: WriteHtmlCache Behavior ::run [ RunTime:0.000342s ]
INFO: ShowRuntime Behavior ::run [ RunTime:0.000580s ]
INFO: [ view_filter ] --END-- [ RunTime:0.002394s ]
INFO: [ view_end ] --START--
INFO: ShowPageTrace Behavior ::run [ RunTime:0.000693s ]
INFO: [ view_end ] --END-- [ RunTime:0.000773s ]

[ 2014-02-17T17:15:19+08:00 ] 127.0.0.1 /
INFO: [ app_begin ] --START--
INFO: ReadHtmlCache Behavior ::run [ RunTime:0.000502s ]
INFO: [ app_begin ] --END-- [ RunTime:0.000583s ]
INFO: [ view_parse ] --START--
NOTIC: [8] Undefined variable: webset D:\www\acc\Index\Runtime\Cache\f9c22b8b40e560036663a0ce7ed378ae.php 第 6 行.
NOTIC: [8] Undefined variable: webset D:\www\acc\Index\Runtime\Cache\f9c22b8b40e560036663a0ce7ed378ae.php 第 7 行.
NOTIC: [8] Undefined variable: webset D:\www\acc\Index\Runtime\Cache\f9c22b8b40e560036663a0ce7ed378ae.php 第 8 行.
INFO: ParseTemplate Behavior ::run [ RunTime:0.040454s ]
INFO: [ view_parse ] --END-- [ RunTime:0.040538s ]
INFO: [ view_filter ] --START--
INFO: ContentReplace Behavior ::run [ RunTime:0.000705s ]
INFO: TokenBuild Behavior ::run [ RunTime:0.000509s ]
INFO: WriteHtmlCache Behavior ::run [ RunTime:0.000425s ]
INFO: ShowRuntime Behavior ::run [ RunTime:0.000684s ]
INFO: [ view_filter ] --END-- [ RunTime:0.002549s ]
INFO: [ view_end ] --START--
INFO: ShowPageTrace Behavior ::run [ RunTime:0.000796s ]
INFO: [ view_end ] --END-- [ RunTime:0.000898s ]

[ 2014-02-17T17:15:47+08:00 ] 127.0.0.1 /
INFO: [ app_begin ] --START--
INFO: ReadHtmlCache Behavior ::run [ RunTime:0.000616s ]
INFO: [ app_begin ] --END-- [ RunTime:0.000727s ]
INFO: [ view_parse ] --START--
NOTIC: [8] Undefined variable: webset D:\www\acc\Index\Runtime\Cache\f9c22b8b40e560036663a0ce7ed378ae.php 第 6 行.
NOTIC: [8] Undefined variable: webset D:\www\acc\Index\Runtime\Cache\f9c22b8b40e560036663a0ce7ed378ae.php 第 7 行.
NOTIC: [8] Undefined variable: webset D:\www\acc\Index\Runtime\Cache\f9c22b8b40e560036663a0ce7ed378ae.php 第 8 行.
INFO: ParseTemplate Behavior ::run [ RunTime:0.037725s ]
INFO: [ view_parse ] --END-- [ RunTime:0.037801s ]
INFO: [ view_filter ] --START--
INFO: ContentReplace Behavior ::run [ RunTime:0.000540s ]
INFO: TokenBuild Behavior ::run [ RunTime:0.000360s ]
INFO: WriteHtmlCache Behavior ::run [ RunTime:0.000299s ]
INFO: ShowRuntime Behavior ::run [ RunTime:0.000539s ]
INFO: [ view_filter ] --END-- [ RunTime:0.001910s ]
INFO: [ view_end ] --START--
INFO: ShowPageTrace Behavior ::run [ RunTime:0.000734s ]
INFO: [ view_end ] --END-- [ RunTime:0.000808s ]

[ 2014-02-17T17:16:04+08:00 ] 127.0.0.1 /
INFO: [ app_begin ] --START--
INFO: ReadHtmlCache Behavior ::run [ RunTime:0.001048s ]
INFO: [ app_begin ] --END-- [ RunTime:0.001191s ]
INFO: [ view_parse ] --START--
NOTIC: [8] Undefined variable: webset D:\www\acc\Index\Runtime\Cache\f9c22b8b40e560036663a0ce7ed378ae.php 第 6 行.
NOTIC: [8] Undefined variable: webset D:\www\acc\Index\Runtime\Cache\f9c22b8b40e560036663a0ce7ed378ae.php 第 7 行.
NOTIC: [8] Undefined variable: webset D:\www\acc\Index\Runtime\Cache\f9c22b8b40e560036663a0ce7ed378ae.php 第 8 行.
INFO: ParseTemplate Behavior ::run [ RunTime:0.035804s ]
INFO: [ view_parse ] --END-- [ RunTime:0.035896s ]
INFO: [ view_filter ] --START--
INFO: ContentReplace Behavior ::run [ RunTime:0.000909s ]
INFO: TokenBuild Behavior ::run [ RunTime:0.000665s ]
INFO: WriteHtmlCache Behavior ::run [ RunTime:0.000436s ]
INFO: ShowRuntime Behavior ::run [ RunTime:0.000695s ]
INFO: [ view_filter ] --END-- [ RunTime:0.002960s ]
INFO: [ view_end ] --START--
INFO: ShowPageTrace Behavior ::run [ RunTime:0.000714s ]
INFO: [ view_end ] --END-- [ RunTime:0.000801s ]

[ 2014-02-17T17:16:57+08:00 ] 127.0.0.1 /
INFO: [ app_begin ] --START--
INFO: ReadHtmlCache Behavior ::run [ RunTime:0.000554s ]
INFO: [ app_begin ] --END-- [ RunTime:0.000657s ]
INFO: [ view_parse ] --START--
NOTIC: [8] Undefined variable: webset D:\www\acc\Index\Runtime\Cache\f9c22b8b40e560036663a0ce7ed378ae.php 第 6 行.
NOTIC: [8] Undefined variable: webset D:\www\acc\Index\Runtime\Cache\f9c22b8b40e560036663a0ce7ed378ae.php 第 7 行.
NOTIC: [8] Undefined variable: webset D:\www\acc\Index\Runtime\Cache\f9c22b8b40e560036663a0ce7ed378ae.php 第 8 行.
INFO: ParseTemplate Behavior ::run [ RunTime:0.029254s ]
INFO: [ view_parse ] --END-- [ RunTime:0.029331s ]
INFO: [ view_filter ] --START--
INFO: ContentReplace Behavior ::run [ RunTime:0.000878s ]
INFO: TokenBuild Behavior ::run [ RunTime:0.000683s ]
INFO: WriteHtmlCache Behavior ::run [ RunTime:0.000395s ]
INFO: ShowRuntime Behavior ::run [ RunTime:0.000679s ]
INFO: [ view_filter ] --END-- [ RunTime:0.002840s ]
INFO: [ view_end ] --START--
INFO: ShowPageTrace Behavior ::run [ RunTime:0.000831s ]
INFO: [ view_end ] --END-- [ RunTime:0.000911s ]

